<?xml version="1.0" encoding="UTF-8"?>
<!-- Generated by org.testng.reporters.JUnitReportReporter -->
<testsuite hostname="PURDLTSONAWANS" name="com.adp.bi.tests.TestLocalization" tests="1" failures="0" timestamp="21 Jul 2017 12:59:25 GMT" time="27.511" errors="0">
  <testcase name="testSubscribe" time="27.511" classname="com.adp.bi.tests.TestLocalization"/>
</testsuite> <!-- com.adp.bi.tests.TestLocalization -->
