<?xml version="1.0" encoding="UTF-8"?>
<!-- Generated by org.testng.reporters.JUnitReportReporter -->
<testsuite hostname="PUNE-SSONAWAN2" name="com.adp.bi.tests.TestWorkFrontJobs" tests="1" failures="0" timestamp="26 Mar 2018 08:52:05 GMT" time="6.217" errors="0">
  <testcase name="testAddUser" time="6.217" classname="com.adp.bi.tests.TestWorkFrontJobs"/>
</testsuite> <!-- com.adp.bi.tests.TestWorkFrontJobs -->
