<?xml version="1.0" encoding="UTF-8"?>
<!-- Generated by org.testng.reporters.JUnitReportReporter -->
<testsuite hostname="PUNE-SSONAWAN2" name="com.nuance.eq.tests.TesEQ" tests="5" failures="1" timestamp="19 Apr 2018 11:13:11 GMT" time="43.138" errors="0">
  <testcase name="testAPI_AutoPIN" time="0.471" classname="com.nuance.eq.tests.TesEQ"/>
  <testcase name="testAPI_AutoPIN" time="0.250" classname="com.nuance.eq.tests.TesEQ">
    <failure type="atu.testng.reports.exceptions.ATUReporterStepFailedException">
      <![CDATA[[ATU Custom Reporter Step Failed Exception]
	at atu.testng.reports.ATUReports.stepFailureHandler(Unknown Source)
	at atu.testng.reports.ATUReports.add(Unknown Source)
	at com.nuancce.eq.rest.utility.APIRequests.put(APIRequests.java:68)
	at com.nuance.eq.tests.TesEQ.testAPI_AutoPIN(TesEQ.java:165)
	at sun.reflect.NativeMethodAccessorImpl.invoke0(Native Method)
	at sun.reflect.NativeMethodAccessorImpl.invoke(NativeMethodAccessorImpl.java:62)
	at sun.reflect.DelegatingMethodAccessorImpl.invoke(DelegatingMethodAccessorImpl.java:43)
	at java.lang.reflect.Method.invoke(Method.java:498)
	at org.testng.internal.MethodInvocationHelper.invokeMethod(MethodInvocationHelper.java:84)
	at org.testng.internal.Invoker.invokeMethod(Invoker.java:714)
	at org.testng.internal.Invoker.invokeTestMethod(Invoker.java:901)
	at org.testng.internal.Invoker.invokeTestMethods(Invoker.java:1231)
	at org.testng.internal.TestMethodWorker.invokeTestMethods(TestMethodWorker.java:127)
	at org.testng.internal.TestMethodWorker.run(TestMethodWorker.java:111)
	at org.testng.TestRunner.privateRun(TestRunner.java:767)
	at org.testng.TestRunner.run(TestRunner.java:617)
	at org.testng.SuiteRunner.runTest(SuiteRunner.java:334)
	at org.testng.SuiteRunner.runSequentially(SuiteRunner.java:329)
	at org.testng.SuiteRunner.privateRun(SuiteRunner.java:291)
	at org.testng.SuiteRunner.run(SuiteRunner.java:240)
	at org.testng.SuiteRunnerWorker.runSuite(SuiteRunnerWorker.java:52)
	at org.testng.SuiteRunnerWorker.run(SuiteRunnerWorker.java:86)
	at org.testng.TestNG.runSuitesSequentially(TestNG.java:1224)
	at org.testng.TestNG.runSuitesLocally(TestNG.java:1149)
	at org.testng.TestNG.run(TestNG.java:1057)
	at com.nuance.eq.main.config.RunTest.main(RunTest.java:49)
]]>
    </failure>
  </testcase> <!-- testAPI_AutoPIN -->
  <testcase name="testAPI_AutoPIN" time="0.579" classname="com.nuance.eq.tests.TesEQ"/>
  <testcase name="testAPI_AutoPIN" time="0.588" classname="com.nuance.eq.tests.TesEQ"/>
  <testcase name="testAddUser" time="41.250" classname="com.nuance.eq.tests.TesEQ"/>
</testsuite> <!-- com.nuance.eq.tests.TesEQ -->
